{"contracts\\interfaces\\IERC20.sol":{"l":{},"path":"F:\\Work\\Vault\\contracts\\interfaces\\IERC20.sol","s":{},"b":{},"f":{},"fnMap":{},"statementMap":{},"branchMap":{}},"contracts\\interfaces\\IERC3156FlashBorrower.sol":{"l":{},"path":"F:\\Work\\Vault\\contracts\\interfaces\\IERC3156FlashBorrower.sol","s":{},"b":{},"f":{},"fnMap":{},"statementMap":{},"branchMap":{}},"contracts\\interfaces\\IERC3156FlashLender.sol":{"l":{},"path":"F:\\Work\\Vault\\contracts\\interfaces\\IERC3156FlashLender.sol","s":{},"b":{},"f":{},"fnMap":{},"statementMap":{},"branchMap":{}},"contracts\\mock\\ERC20Mock.sol":{"l":{"11":42},"path":"F:\\Work\\Vault\\contracts\\mock\\ERC20Mock.sol","s":{"1":42},"b":{},"f":{"1":126,"2":42},"fnMap":{"1":{"name":"constructor","line":7,"loc":{"start":{"line":7,"column":4},"end":{"line":7,"column":45}}},"2":{"name":"mint","line":10,"loc":{"start":{"line":10,"column":4},"end":{"line":12,"column":4}}}},"statementMap":{"1":{"start":{"line":11,"column":8},"end":{"line":11,"column":29}}},"branchMap":{}},"contracts\\mock\\FlashBorrowerMock.sol":{"l":{"23":42,"42":0,"43":0,"44":0,"46":0,"47":0,"49":0,"52":0,"54":0,"56":0,"69":0,"70":0,"71":0,"73":0,"75":0,"78":0,"79":0,"80":0,"81":0,"82":0,"99":0,"109":0},"path":"F:\\Work\\Vault\\contracts\\mock\\FlashBorrowerMock.sol","s":{"1":42,"2":0,"3":0,"4":0,"5":0,"6":0,"7":0,"8":0,"9":0,"10":0,"11":0,"12":0,"13":0,"14":0,"15":0,"16":0,"17":0,"18":0,"19":0,"20":0,"21":0,"22":0,"23":0,"24":0},"b":{"1":[0,0],"2":[0,0],"3":[0,0],"4":[0,0],"5":[0,0],"6":[0,0]},"f":{"1":42,"2":0,"3":0,"4":0,"5":0},"fnMap":{"1":{"name":"constructor","line":22,"loc":{"start":{"line":22,"column":4},"end":{"line":24,"column":4}}},"2":{"name":"onFlashLoan","line":35,"loc":{"start":{"line":35,"column":4},"end":{"line":57,"column":4}}},"3":{"name":"flashBorrow","line":64,"loc":{"start":{"line":64,"column":4},"end":{"line":83,"column":4}}},"4":{"name":"transfer","line":93,"loc":{"start":{"line":93,"column":4},"end":{"line":100,"column":4}}},"5":{"name":"withdraw","line":108,"loc":{"start":{"line":108,"column":4},"end":{"line":110,"column":4}}}},"statementMap":{"1":{"start":{"line":23,"column":8},"end":{"line":23,"column":23}},"2":{"start":{"line":42,"column":8},"end":{"line":42,"column":27}},"3":{"start":{"line":43,"column":8},"end":{"line":43,"column":85}},"4":{"start":{"line":44,"column":8},"end":{"line":44,"column":80}},"5":{"start":{"line":46,"column":8},"end":{"line":46,"column":50}},"6":{"start":{"line":47,"column":8},"end":{"line":47,"column":1472}},"7":{"start":{"line":49,"column":12},"end":{"line":49,"column":70}},"8":{"start":{"line":50,"column":15},"end":{"line":50,"column":1622}},"9":{"start":{"line":52,"column":12},"end":{"line":52,"column":76}},"10":{"start":{"line":54,"column":12},"end":{"line":54,"column":76}},"11":{"start":{"line":56,"column":8},"end":{"line":56,"column":26}},"12":{"start":{"line":69,"column":8},"end":{"line":69,"column":25}},"13":{"start":{"line":70,"column":8},"end":{"line":70,"column":2204}},"14":{"start":{"line":71,"column":12},"end":{"line":71,"column":43}},"15":{"start":{"line":72,"column":15},"end":{"line":72,"column":2295}},"16":{"start":{"line":73,"column":12},"end":{"line":73,"column":42}},"17":{"start":{"line":75,"column":12},"end":{"line":75,"column":33}},"18":{"start":{"line":78,"column":8},"end":{"line":78,"column":84}},"19":{"start":{"line":79,"column":8},"end":{"line":79,"column":46}},"20":{"start":{"line":80,"column":8},"end":{"line":80,"column":42}},"21":{"start":{"line":81,"column":8},"end":{"line":81,"column":70}},"22":{"start":{"line":82,"column":8},"end":{"line":82,"column":50}},"23":{"start":{"line":99,"column":8},"end":{"line":99,"column":56}},"24":{"start":{"line":109,"column":8},"end":{"line":109,"column":37}}},"branchMap":{"1":{"line":43,"type":"if","locations":[{"start":{"line":43,"column":8},"end":{"line":43,"column":8}},{"start":{"line":43,"column":8},"end":{"line":43,"column":8}}]},"2":{"line":44,"type":"if","locations":[{"start":{"line":44,"column":8},"end":{"line":44,"column":8}},{"start":{"line":44,"column":8},"end":{"line":44,"column":8}}]},"3":{"line":47,"type":"if","locations":[{"start":{"line":47,"column":8},"end":{"line":47,"column":8}},{"start":{"line":47,"column":8},"end":{"line":47,"column":8}}]},"4":{"line":50,"type":"if","locations":[{"start":{"line":50,"column":15},"end":{"line":50,"column":15}},{"start":{"line":50,"column":15},"end":{"line":50,"column":15}}]},"5":{"line":70,"type":"if","locations":[{"start":{"line":70,"column":8},"end":{"line":70,"column":8}},{"start":{"line":70,"column":8},"end":{"line":70,"column":8}}]},"6":{"line":72,"type":"if","locations":[{"start":{"line":72,"column":15},"end":{"line":72,"column":15}},{"start":{"line":72,"column":15},"end":{"line":72,"column":15}}]}}},"contracts\\Vault.sol":{"l":{"38":42,"48":7,"52":6,"53":5,"54":5,"55":4,"56":4,"58":1,"59":1,"60":1,"62":5,"72":3,"89":3,"94":2,"95":1,"96":1,"112":0,"113":0,"114":0,"115":0,"119":0,"123":0,"124":0,"145":3,"146":2,"147":2,"150":2,"161":2,"162":2,"163":2,"164":2,"165":1,"174":0,"183":1,"199":2,"200":1,"202":1,"212":1,"221":2,"229":1,"240":1,"249":2,"254":0,"263":0,"271":4,"276":3,"277":2,"278":2,"279":2,"280":2,"281":2},"path":"F:\\Work\\Vault\\contracts\\Vault.sol","s":{"1":42,"2":7,"3":6,"4":5,"5":5,"6":4,"7":4,"8":1,"9":1,"10":1,"11":5,"12":3,"13":3,"14":2,"15":1,"16":1,"17":0,"18":0,"19":0,"20":0,"21":0,"22":0,"23":0,"24":3,"25":2,"26":2,"27":2,"28":2,"29":2,"30":2,"31":1,"32":0,"33":1,"34":2,"35":1,"36":1,"37":1,"38":2,"39":1,"40":1,"41":2,"42":0,"43":0,"44":4,"45":3,"46":2,"47":2,"48":2,"49":2,"50":2},"b":{"1":[6,1],"2":[5,1],"3":[4,1],"4":[2,1],"5":[1,1],"6":[0,0],"7":[0,0],"8":[0,0],"9":[2,1],"10":[1,1],"11":[1,1],"12":[3,1],"13":[2,1]},"f":{"1":42,"2":7,"3":3,"4":3,"5":0,"6":3,"7":0,"8":1,"9":0,"10":2,"11":1,"12":2,"13":1,"14":1,"15":2,"16":0,"17":0,"18":4},"fnMap":{"1":{"name":"constructor","line":37,"loc":{"start":{"line":37,"column":4},"end":{"line":39,"column":4}}},"2":{"name":"deposit","line":47,"loc":{"start":{"line":47,"column":4},"end":{"line":63,"column":4}}},"3":{"name":"withdraw","line":71,"loc":{"start":{"line":71,"column":4},"end":{"line":73,"column":4}}},"4":{"name":"transfer","line":88,"loc":{"start":{"line":83,"column":4},"end":{"line":97,"column":4}}},"5":{"name":"flashLoan","line":111,"loc":{"start":{"line":106,"column":4},"end":{"line":125,"column":4}}},"6":{"name":"approveContract","line":144,"loc":{"start":{"line":137,"column":4},"end":{"line":166,"column":4}}},"7":{"name":"flashFee","line":173,"loc":{"start":{"line":173,"column":4},"end":{"line":175,"column":4}}},"8":{"name":"maxFlashLoan","line":182,"loc":{"start":{"line":182,"column":4},"end":{"line":184,"column":4}}},"9":{"name":"updateCode","line":192,"loc":{"start":{"line":192,"column":4},"end":{"line":192,"column":61}}},"10":{"name":"setPause","line":198,"loc":{"start":{"line":198,"column":4},"end":{"line":204,"column":4}}},"11":{"name":"emergencyWithdraw","line":211,"loc":{"start":{"line":211,"column":4},"end":{"line":213,"column":4}}},"12":{"name":"allowContract","line":220,"loc":{"start":{"line":220,"column":4},"end":{"line":222,"column":4}}},"13":{"name":"updateFlashloanfeeRate","line":228,"loc":{"start":{"line":228,"column":4},"end":{"line":230,"column":4}}},"14":{"name":"toShare","line":239,"loc":{"start":{"line":239,"column":4},"end":{"line":241,"column":4}}},"15":{"name":"toUnderlying","line":248,"loc":{"start":{"line":248,"column":4},"end":{"line":250,"column":4}}},"16":{"name":"viewShare","line":253,"loc":{"start":{"line":253,"column":4},"end":{"line":255,"column":4}}},"17":{"name":"_flashFee","line":262,"loc":{"start":{"line":262,"column":4},"end":{"line":264,"column":4}}},"18":{"name":"_withdraw","line":266,"loc":{"start":{"line":266,"column":4},"end":{"line":282,"column":4}}}},"statementMap":{"1":{"start":{"line":38,"column":8},"end":{"line":38,"column":25}},"2":{"start":{"line":48,"column":8},"end":{"line":48,"column":2006}},"3":{"start":{"line":52,"column":8},"end":{"line":52,"column":98}},"4":{"start":{"line":53,"column":8},"end":{"line":53,"column":68}},"5":{"start":{"line":54,"column":8},"end":{"line":54,"column":2343}},"6":{"start":{"line":55,"column":12},"end":{"line":55,"column":37}},"7":{"start":{"line":56,"column":12},"end":{"line":56,"column":61}},"8":{"start":{"line":58,"column":12},"end":{"line":58,"column":50}},"9":{"start":{"line":59,"column":12},"end":{"line":59,"column":38}},"10":{"start":{"line":60,"column":12},"end":{"line":60,"column":48}},"11":{"start":{"line":62,"column":8},"end":{"line":62,"column":36}},"12":{"start":{"line":72,"column":8},"end":{"line":72,"column":41}},"13":{"start":{"line":89,"column":8},"end":{"line":89,"column":3676}},"14":{"start":{"line":94,"column":8},"end":{"line":94,"column":81}},"15":{"start":{"line":95,"column":8},"end":{"line":95,"column":39}},"16":{"start":{"line":96,"column":8},"end":{"line":96,"column":43}},"17":{"start":{"line":112,"column":8},"end":{"line":112,"column":44}},"18":{"start":{"line":113,"column":8},"end":{"line":113,"column":93}},"19":{"start":{"line":114,"column":8},"end":{"line":114,"column":56}},"20":{"start":{"line":115,"column":8},"end":{"line":115,"column":4943}},"21":{"start":{"line":119,"column":8},"end":{"line":119,"column":5110}},"22":{"start":{"line":123,"column":8},"end":{"line":123,"column":86}},"23":{"start":{"line":124,"column":8},"end":{"line":124,"column":19}},"24":{"start":{"line":145,"column":8},"end":{"line":145,"column":82}},"25":{"start":{"line":146,"column":8},"end":{"line":146,"column":23}},"26":{"start":{"line":150,"column":8},"end":{"line":150,"column":6225}},"27":{"start":{"line":161,"column":8},"end":{"line":161,"column":90}},"28":{"start":{"line":162,"column":8},"end":{"line":162,"column":92}},"29":{"start":{"line":163,"column":8},"end":{"line":163,"column":49}},"30":{"start":{"line":164,"column":8},"end":{"line":164,"column":92}},"31":{"start":{"line":165,"column":8},"end":{"line":165,"column":37}},"32":{"start":{"line":174,"column":8},"end":{"line":174,"column":32}},"33":{"start":{"line":183,"column":8},"end":{"line":183,"column":34}},"34":{"start":{"line":199,"column":8},"end":{"line":199,"column":8128}},"35":{"start":{"line":200,"column":12},"end":{"line":200,"column":19}},"36":{"start":{"line":202,"column":12},"end":{"line":202,"column":21}},"37":{"start":{"line":212,"column":8},"end":{"line":212,"column":35}},"38":{"start":{"line":221,"column":8},"end":{"line":221,"column":38}},"39":{"start":{"line":229,"column":8},"end":{"line":229,"column":25}},"40":{"start":{"line":240,"column":8},"end":{"line":240,"column":66}},"41":{"start":{"line":249,"column":8},"end":{"line":249,"column":66}},"42":{"start":{"line":254,"column":8},"end":{"line":254,"column":39}},"43":{"start":{"line":263,"column":8},"end":{"line":263,"column":41}},"44":{"start":{"line":271,"column":8},"end":{"line":271,"column":10649}},"45":{"start":{"line":276,"column":8},"end":{"line":276,"column":80}},"46":{"start":{"line":277,"column":8},"end":{"line":277,"column":69}},"47":{"start":{"line":278,"column":8},"end":{"line":278,"column":36}},"48":{"start":{"line":279,"column":8},"end":{"line":279,"column":52}},"49":{"start":{"line":280,"column":8},"end":{"line":280,"column":34}},"50":{"start":{"line":281,"column":8},"end":{"line":281,"column":43}}},"branchMap":{"1":{"line":48,"type":"if","locations":[{"start":{"line":48,"column":8},"end":{"line":48,"column":8}},{"start":{"line":48,"column":8},"end":{"line":48,"column":8}}]},"2":{"line":52,"type":"if","locations":[{"start":{"line":52,"column":8},"end":{"line":52,"column":8}},{"start":{"line":52,"column":8},"end":{"line":52,"column":8}}]},"3":{"line":54,"type":"if","locations":[{"start":{"line":54,"column":8},"end":{"line":54,"column":8}},{"start":{"line":54,"column":8},"end":{"line":54,"column":8}}]},"4":{"line":89,"type":"if","locations":[{"start":{"line":89,"column":8},"end":{"line":89,"column":8}},{"start":{"line":89,"column":8},"end":{"line":89,"column":8}}]},"5":{"line":94,"type":"if","locations":[{"start":{"line":94,"column":8},"end":{"line":94,"column":8}},{"start":{"line":94,"column":8},"end":{"line":94,"column":8}}]},"6":{"line":113,"type":"if","locations":[{"start":{"line":113,"column":8},"end":{"line":113,"column":8}},{"start":{"line":113,"column":8},"end":{"line":113,"column":8}}]},"7":{"line":115,"type":"if","locations":[{"start":{"line":115,"column":8},"end":{"line":115,"column":8}},{"start":{"line":115,"column":8},"end":{"line":115,"column":8}}]},"8":{"line":119,"type":"if","locations":[{"start":{"line":119,"column":8},"end":{"line":119,"column":8}},{"start":{"line":119,"column":8},"end":{"line":119,"column":8}}]},"9":{"line":145,"type":"if","locations":[{"start":{"line":145,"column":8},"end":{"line":145,"column":8}},{"start":{"line":145,"column":8},"end":{"line":145,"column":8}}]},"10":{"line":164,"type":"if","locations":[{"start":{"line":164,"column":8},"end":{"line":164,"column":8}},{"start":{"line":164,"column":8},"end":{"line":164,"column":8}}]},"11":{"line":199,"type":"if","locations":[{"start":{"line":199,"column":8},"end":{"line":199,"column":8}},{"start":{"line":199,"column":8},"end":{"line":199,"column":8}}]},"12":{"line":271,"type":"if","locations":[{"start":{"line":271,"column":8},"end":{"line":271,"column":8}},{"start":{"line":271,"column":8},"end":{"line":271,"column":8}}]},"13":{"line":276,"type":"if","locations":[{"start":{"line":276,"column":8},"end":{"line":276,"column":8}},{"start":{"line":276,"column":8},"end":{"line":276,"column":8}}]}}}}