{
"contracts\\interfaces\\IERC20.sol":{"l":{},"path":"F:\\Work\\Vault\\contracts\\interfaces\\IERC20.sol","s":{},"b":{},"f":{},"fnMap":{},"statementMap":{},"branchMap":{}},
"contracts\\interfaces\\IERC3156FlashBorrower.sol":{"l":{},"path":"F:\\Work\\Vault\\contracts\\interfaces\\IERC3156FlashBorrower.sol","s":{},"b":{},"f":{},"fnMap":{},"statementMap":{},"branchMap":{}},
"contracts\\interfaces\\IERC3156FlashLender.sol":{"l":{},"path":"F:\\Work\\Vault\\contracts\\interfaces\\IERC3156FlashLender.sol","s":{},"b":{},"f":{},"fnMap":{},"statementMap":{},"branchMap":{}},
"contracts\\mock\\ERC20Mock.sol":{"l":{"11":0},"path":"F:\\Work\\Vault\\contracts\\mock\\ERC20Mock.sol","s":{"1":0},"b":{},"f":{"1":9,"2":0},"fnMap":{"1":{"name":"constructor","line":7,"loc":{"start":{"line":7,"column":4},"end":{"line":7,"column":45}}},"2":{"name":"mint","line":10,"loc":{"start":{"line":10,"column":4},"end":{"line":12,"column":4}}}},"statementMap":{"1":{"start":{"line":11,"column":8},"end":{"line":11,"column":29}}},"branchMap":{}},
"contracts\\mock\\FlashBorrowerMock.sol":{"l":{"23":3,"42":0,"43":0,"44":0,"46":0,"47":0,"49":0,"52":0,"54":0,"56":0,"69":0,"70":0,"71":0,"73":0,"75":0,"78":0,"79":0,"80":0,"81":0,"82":0,"99":0,"109":0},"path":"F:\\Work\\Vault\\contracts\\mock\\FlashBorrowerMock.sol","s":{"1":3,"2":0,"3":0,"4":0,"5":0,"6":0,"7":0,"8":0,"9":0,"10":0,"11":0,"12":0,"13":0,"14":0,"15":0,"16":0,"17":0,"18":0,"19":0,"20":0,"21":0,"22":0,"23":0,"24":0},"b":{"1":[0,0],"2":[0,0],"3":[0,0],"4":[0,0],"5":[0,0],"6":[0,0]},"f":{"1":3,"2":0,"3":0,"4":0,"5":0},"fnMap":{"1":{"name":"constructor","line":22,"loc":{"start":{"line":22,"column":4},"end":{"line":24,"column":4}}},"2":{"name":"onFlashLoan","line":35,"loc":{"start":{"line":35,"column":4},"end":{"line":57,"column":4}}},"3":{"name":"flashBorrow","line":64,"loc":{"start":{"line":64,"column":4},"end":{"line":83,"column":4}}},"4":{"name":"transfer","line":93,"loc":{"start":{"line":93,"column":4},"end":{"line":100,"column":4}}},"5":{"name":"withdraw","line":108,"loc":{"start":{"line":108,"column":4},"end":{"line":110,"column":4}}}},"statementMap":{"1":{"start":{"line":23,"column":8},"end":{"line":23,"column":23}},"2":{"start":{"line":42,"column":8},"end":{"line":42,"column":27}},"3":{"start":{"line":43,"column":8},"end":{"line":43,"column":85}},"4":{"start":{"line":44,"column":8},"end":{"line":44,"column":80}},"5":{"start":{"line":46,"column":8},"end":{"line":46,"column":50}},"6":{"start":{"line":47,"column":8},"end":{"line":47,"column":1472}},"7":{"start":{"line":49,"column":12},"end":{"line":49,"column":70}},"8":{"start":{"line":50,"column":15},"end":{"line":50,"column":1622}},"9":{"start":{"line":52,"column":12},"end":{"line":52,"column":76}},"10":{"start":{"line":54,"column":12},"end":{"line":54,"column":76}},"11":{"start":{"line":56,"column":8},"end":{"line":56,"column":26}},"12":{"start":{"line":69,"column":8},"end":{"line":69,"column":25}},"13":{"start":{"line":70,"column":8},"end":{"line":70,"column":2204}},"14":{"start":{"line":71,"column":12},"end":{"line":71,"column":43}},"15":{"start":{"line":72,"column":15},"end":{"line":72,"column":2295}},"16":{"start":{"line":73,"column":12},"end":{"line":73,"column":42}},"17":{"start":{"line":75,"column":12},"end":{"line":75,"column":33}},"18":{"start":{"line":78,"column":8},"end":{"line":78,"column":84}},"19":{"start":{"line":79,"column":8},"end":{"line":79,"column":53}},"20":{"start":{"line":80,"column":8},"end":{"line":80,"column":42}},"21":{"start":{"line":81,"column":8},"end":{"line":81,"column":70}},"22":{"start":{"line":82,"column":8},"end":{"line":82,"column":50}},"23":{"start":{"line":99,"column":8},"end":{"line":99,"column":56}},"24":{"start":{"line":109,"column":8},"end":{"line":109,"column":37}}},"branchMap":{"1":{"line":43,"type":"if","locations":[{"start":{"line":43,"column":8},"end":{"line":43,"column":8}},{"start":{"line":43,"column":8},"end":{"line":43,"column":8}}]},"2":{"line":44,"type":"if","locations":[{"start":{"line":44,"column":8},"end":{"line":44,"column":8}},{"start":{"line":44,"column":8},"end":{"line":44,"column":8}}]},"3":{"line":47,"type":"if","locations":[{"start":{"line":47,"column":8},"end":{"line":47,"column":8}},{"start":{"line":47,"column":8},"end":{"line":47,"column":8}}]},"4":{"line":50,"type":"if","locations":[{"start":{"line":50,"column":15},"end":{"line":50,"column":15}},{"start":{"line":50,"column":15},"end":{"line":50,"column":15}}]},"5":{"line":70,"type":"if","locations":[{"start":{"line":70,"column":8},"end":{"line":70,"column":8}},{"start":{"line":70,"column":8},"end":{"line":70,"column":8}}]},"6":{"line":72,"type":"if","locations":[{"start":{"line":72,"column":15},"end":{"line":72,"column":15}},{"start":{"line":72,"column":15},"end":{"line":72,"column":15}}]}}},
"contracts\\StakingVault.sol":{"l":{"41":0,"42":0,"46":0,"47":0,"51":0,"55":0,"59":0,"60":0,"71":0,"86":0,"87":0,"91":0,"95":0,"96":0,"97":0,"98":0,"99":0,"107":0,"109":0,"113":0,"114":0,"115":0,"116":0,"117":0,"118":0,"119":0,"120":0,"121":0,"122":0,"123":0,"125":0,"134":0,"142":0,"143":0,"144":0,"145":0,"146":0,"147":0,"148":0,"158":0,"159":0,"160":0,"164":0,"165":0,"166":0,"167":0,"168":0,"169":0,"184":0,"192":0,"199":0,"200":0,"202":0,"214":0,"215":0,"229":0,"230":0,"231":0,"235":0,"236":0,"237":0,"238":0,"239":0,"240":0,"241":0,"250":0,"251":0,"252":0,"253":0,"261":0,"262":0,"263":0,"264":0,"265":0,"266":0,"274":0},"path":"F:\\Work\\Vault\\contracts\\StakingVault.sol","s":{"1":0,"2":0,"3":0,"4":0,"5":0,"6":0,"7":0,"8":0,"9":0,"10":0,"11":0,"12":0,"13":0,"14":0,"15":0,"16":0,"17":0,"18":0,"19":0,"20":0,"21":0,"22":0,"23":0,"24":0,"25":0,"26":0,"27":0,"28":0,"29":0,"30":0,"31":0,"32":0,"33":0,"34":0,"35":0,"36":0,"37":0,"38":0,"39":0,"40":0,"41":0,"42":0,"43":0,"44":0,"45":0,"46":0,"47":0,"48":0,"49":0,"50":0,"51":0,"52":0,"53":0,"54":0,"55":0,"56":0,"57":0,"58":0,"59":0,"60":0,"61":0,"62":0,"63":0,"64":0,"65":0,"66":0,"67":0,"68":0,"69":0,"70":0,"71":0,"72":0,"73":0},"b":{"1":[0,0],"2":[0,0],"3":[0,0],"4":[0,0],"5":[0,0],"6":[0,0],"7":[0,0],"8":[0,0],"9":[0,0],"10":[0,0],"11":[0,0],"12":[0,0],"13":[0,0],"14":[0,0],"15":[0,0],"16":[0,0],"17":[0,0],"18":[0,0],"19":[0,0]},"f":{"1":0,"2":0,"3":0,"4":0,"5":0,"6":0,"7":0,"8":0,"9":0,"10":0,"11":0,"12":0,"13":0,"14":0,"15":0,"16":0,"17":0,"18":0},"fnMap":{"1":{"name":"constructor","line":40,"loc":{"start":{"line":40,"column":4},"end":{"line":43,"column":4}}},"2":{"name":"isLocked","line":45,"loc":{"start":{"line":45,"column":4},"end":{"line":48,"column":4}}},"3":{"name":"isApproved","line":50,"loc":{"start":{"line":50,"column":4},"end":{"line":56,"column":4}}},"4":{"name":"onlyRewardDistributor","line":58,"loc":{"start":{"line":58,"column":4},"end":{"line":61,"column":4}}},"5":{"name":"lock","line":70,"loc":{"start":{"line":70,"column":4},"end":{"line":72,"column":4}}},"6":{"name":"increaseLock","line":84,"loc":{"start":{"line":79,"column":4},"end":{"line":100,"column":4}}},"7":{"name":"unLock","line":106,"loc":{"start":{"line":106,"column":4},"end":{"line":126,"column":4}}},"8":{"name":"getClaimableRewards","line":133,"loc":{"start":{"line":133,"column":4},"end":{"line":135,"column":4}}},"9":{"name":"claimRewards","line":141,"loc":{"start":{"line":141,"column":4},"end":{"line":150,"column":4}}},"10":{"name":"compound","line":157,"loc":{"start":{"line":157,"column":4},"end":{"line":170,"column":4}}},"11":{"name":"lockFor","line":183,"loc":{"start":{"line":179,"column":4},"end":{"line":185,"column":4}}},"12":{"name":"setRewardDistributor","line":191,"loc":{"start":{"line":191,"column":4},"end":{"line":193,"column":4}}},"13":{"name":"setPause","line":198,"loc":{"start":{"line":198,"column":4},"end":{"line":204,"column":4}}},"14":{"name":"notifyRewardAmount","line":212,"loc":{"start":{"line":209,"column":4},"end":{"line":216,"column":4}}},"15":{"name":"_lock","line":228,"loc":{"start":{"line":224,"column":4},"end":{"line":242,"column":4}}},"16":{"name":"_earned","line":249,"loc":{"start":{"line":249,"column":4},"end":{"line":254,"column":4}}},"17":{"name":"_updateReward","line":260,"loc":{"start":{"line":260,"column":4},"end":{"line":268,"column":4}}},"18":{"name":"_getRewardPerTokenForOneSecond","line":273,"loc":{"start":{"line":273,"column":4},"end":{"line":277,"column":4}}}},"statementMap":{"1":{"start":{"line":41,"column":8},"end":{"line":41,"column":94}},"2":{"start":{"line":42,"column":8},"end":{"line":42,"column":43}},"3":{"start":{"line":46,"column":8},"end":{"line":46,"column":93}},"4":{"start":{"line":51,"column":8},"end":{"line":51,"column":1631}},"5":{"start":{"line":59,"column":8},"end":{"line":59,"column":91}},"6":{"start":{"line":71,"column":8},"end":{"line":71,"column":40}},"7":{"start":{"line":86,"column":8},"end":{"line":86,"column":60}},"8":{"start":{"line":87,"column":8},"end":{"line":87,"column":2730}},"9":{"start":{"line":91,"column":8},"end":{"line":91,"column":2874}},"10":{"start":{"line":95,"column":8},"end":{"line":95,"column":32}},"11":{"start":{"line":96,"column":8},"end":{"line":96,"column":32}},"12":{"start":{"line":97,"column":8},"end":{"line":97,"column":32}},"13":{"start":{"line":98,"column":8},"end":{"line":98,"column":34}},"14":{"start":{"line":99,"column":8},"end":{"line":99,"column":71}},"15":{"start":{"line":107,"column":8},"end":{"line":107,"column":60}},"16":{"start":{"line":109,"column":8},"end":{"line":109,"column":3545}},"17":{"start":{"line":113,"column":8},"end":{"line":113,"column":79}},"18":{"start":{"line":114,"column":8},"end":{"line":114,"column":32}},"19":{"start":{"line":115,"column":8},"end":{"line":115,"column":40}},"20":{"start":{"line":116,"column":8},"end":{"line":116,"column":29}},"21":{"start":{"line":117,"column":8},"end":{"line":117,"column":34}},"22":{"start":{"line":118,"column":8},"end":{"line":118,"column":26}},"23":{"start":{"line":119,"column":8},"end":{"line":119,"column":32}},"24":{"start":{"line":120,"column":8},"end":{"line":120,"column":4007}},"25":{"start":{"line":121,"column":12},"end":{"line":121,"column":33}},"26":{"start":{"line":122,"column":12},"end":{"line":122,"column":34}},"27":{"start":{"line":123,"column":12},"end":{"line":123,"column":30}},"28":{"start":{"line":125,"column":8},"end":{"line":125,"column":61}},"29":{"start":{"line":134,"column":8},"end":{"line":134,"column":57}},"30":{"start":{"line":142,"column":8},"end":{"line":142,"column":67}},"31":{"start":{"line":143,"column":8},"end":{"line":143,"column":32}},"32":{"start":{"line":144,"column":8},"end":{"line":144,"column":54}},"33":{"start":{"line":145,"column":8},"end":{"line":145,"column":40}},"34":{"start":{"line":146,"column":8},"end":{"line":146,"column":4919}},"35":{"start":{"line":147,"column":12},"end":{"line":147,"column":30}},"36":{"start":{"line":148,"column":12},"end":{"line":148,"column":50}},"37":{"start":{"line":158,"column":8},"end":{"line":158,"column":67}},"38":{"start":{"line":159,"column":8},"end":{"line":159,"column":54}},"39":{"start":{"line":160,"column":8},"end":{"line":160,"column":5444}},"40":{"start":{"line":164,"column":8},"end":{"line":164,"column":32}},"41":{"start":{"line":165,"column":8},"end":{"line":165,"column":88}},"42":{"start":{"line":166,"column":8},"end":{"line":166,"column":33}},"43":{"start":{"line":167,"column":8},"end":{"line":167,"column":35}},"44":{"start":{"line":168,"column":8},"end":{"line":168,"column":30}},"45":{"start":{"line":169,"column":8},"end":{"line":169,"column":33}},"46":{"start":{"line":184,"column":8},"end":{"line":184,"column":34}},"47":{"start":{"line":192,"column":8},"end":{"line":192,"column":33}},"48":{"start":{"line":199,"column":8},"end":{"line":199,"column":6621}},"49":{"start":{"line":200,"column":12},"end":{"line":200,"column":19}},"50":{"start":{"line":202,"column":12},"end":{"line":202,"column":21}},"51":{"start":{"line":214,"column":8},"end":{"line":214,"column":71}},"52":{"start":{"line":215,"column":8},"end":{"line":215,"column":29}},"53":{"start":{"line":229,"column":8},"end":{"line":229,"column":57}},"54":{"start":{"line":230,"column":8},"end":{"line":230,"column":97}},"55":{"start":{"line":231,"column":8},"end":{"line":231,"column":7589}},"56":{"start":{"line":235,"column":8},"end":{"line":235,"column":54}},"57":{"start":{"line":236,"column":8},"end":{"line":236,"column":31}},"58":{"start":{"line":237,"column":8},"end":{"line":237,"column":31}},"59":{"start":{"line":238,"column":8},"end":{"line":238,"column":43}},"60":{"start":{"line":239,"column":8},"end":{"line":239,"column":44}},"61":{"start":{"line":240,"column":8},"end":{"line":240,"column":34}},"62":{"start":{"line":241,"column":8},"end":{"line":241,"column":65}},"63":{"start":{"line":250,"column":8},"end":{"line":250,"column":54}},"64":{"start":{"line":251,"column":8},"end":{"line":251,"column":62}},"65":{"start":{"line":252,"column":8},"end":{"line":252,"column":77}},"66":{"start":{"line":253,"column":8},"end":{"line":253,"column":21}},"67":{"start":{"line":261,"column":8},"end":{"line":261,"column":54}},"68":{"start":{"line":262,"column":8},"end":{"line":262,"column":41}},"69":{"start":{"line":263,"column":8},"end":{"line":263,"column":8797}},"70":{"start":{"line":264,"column":12},"end":{"line":264,"column":39}},"71":{"start":{"line":265,"column":12},"end":{"line":265,"column":36}},"72":{"start":{"line":266,"column":12},"end":{"line":266,"column":48}},"73":{"start":{"line":274,"column":8},"end":{"line":274,"column":9205}}},"branchMap":{"1":{"line":41,"type":"if","locations":[{"start":{"line":41,"column":8},"end":{"line":41,"column":8}},{"start":{"line":41,"column":8},"end":{"line":41,"column":8}}]},"2":{"line":46,"type":"if","locations":[{"start":{"line":46,"column":8},"end":{"line":46,"column":8}},{"start":{"line":46,"column":8},"end":{"line":46,"column":8}}]},"3":{"line":51,"type":"if","locations":[{"start":{"line":51,"column":8},"end":{"line":51,"column":8}},{"start":{"line":51,"column":8},"end":{"line":51,"column":8}}]},"4":{"line":59,"type":"if","locations":[{"start":{"line":59,"column":8},"end":{"line":59,"column":8}},{"start":{"line":59,"column":8},"end":{"line":59,"column":8}}]},"5":{"line":87,"type":"if","locations":[{"start":{"line":87,"column":8},"end":{"line":87,"column":8}},{"start":{"line":87,"column":8},"end":{"line":87,"column":8}}]},"6":{"line":91,"type":"if","locations":[{"start":{"line":91,"column":8},"end":{"line":91,"column":8}},{"start":{"line":91,"column":8},"end":{"line":91,"column":8}}]},"7":{"line":109,"type":"if","locations":[{"start":{"line":109,"column":8},"end":{"line":109,"column":8}},{"start":{"line":109,"column":8},"end":{"line":109,"column":8}}]},"8":{"line":113,"type":"if","locations":[{"start":{"line":113,"column":8},"end":{"line":113,"column":8}},{"start":{"line":113,"column":8},"end":{"line":113,"column":8}}]},"9":{"line":120,"type":"if","locations":[{"start":{"line":120,"column":8},"end":{"line":120,"column":8}},{"start":{"line":120,"column":8},"end":{"line":120,"column":8}}]},"10":{"line":142,"type":"if","locations":[{"start":{"line":142,"column":8},"end":{"line":142,"column":8}},{"start":{"line":142,"column":8},"end":{"line":142,"column":8}}]},"11":{"line":146,"type":"if","locations":[{"start":{"line":146,"column":8},"end":{"line":146,"column":8}},{"start":{"line":146,"column":8},"end":{"line":146,"column":8}}]},"12":{"line":158,"type":"if","locations":[{"start":{"line":158,"column":8},"end":{"line":158,"column":8}},{"start":{"line":158,"column":8},"end":{"line":158,"column":8}}]},"13":{"line":160,"type":"if","locations":[{"start":{"line":160,"column":8},"end":{"line":160,"column":8}},{"start":{"line":160,"column":8},"end":{"line":160,"column":8}}]},"14":{"line":165,"type":"if","locations":[{"start":{"line":165,"column":8},"end":{"line":165,"column":8}},{"start":{"line":165,"column":8},"end":{"line":165,"column":8}}]},"15":{"line":199,"type":"if","locations":[{"start":{"line":199,"column":8},"end":{"line":199,"column":8}},{"start":{"line":199,"column":8},"end":{"line":199,"column":8}}]},"16":{"line":229,"type":"if","locations":[{"start":{"line":229,"column":8},"end":{"line":229,"column":8}},{"start":{"line":229,"column":8},"end":{"line":229,"column":8}}]},"17":{"line":230,"type":"if","locations":[{"start":{"line":230,"column":8},"end":{"line":230,"column":8}},{"start":{"line":230,"column":8},"end":{"line":230,"column":8}}]},"18":{"line":231,"type":"if","locations":[{"start":{"line":231,"column":8},"end":{"line":231,"column":8}},{"start":{"line":231,"column":8},"end":{"line":231,"column":8}}]},"19":{"line":263,"type":"if","locations":[{"start":{"line":263,"column":8},"end":{"line":263,"column":8}},{"start":{"line":263,"column":8},"end":{"line":263,"column":8}}]}}},
"contracts\\Vault.sol":{"l":{"38":3,"48":0,"52":0,"53":0,"54":0,"55":0,"57":0,"58":0,"59":0,"61":0,"71":0,"76":0,"77":0,"78":0,"79":0,"80":0,"81":0,"98":0,"103":0,"104":0,"105":0,"121":0,"122":0,"123":0,"124":0,"128":0,"132":0,"133":0,"154":0,"155":0,"156":0,"161":0,"173":0,"175":0,"176":0,"177":0,"178":0,"188":0,"198":0,"207":0,"223":0,"224":0,"226":0,"241":0,"242":0,"243":0,"252":0,"260":0,"271":0,"280":0,"285":0},"path":"F:\\Work\\Vault\\contracts\\Vault.sol","s":{"1":3,"2":0,"3":0,"4":0,"5":0,"6":0,"7":0,"8":0,"9":0,"10":0,"11":0,"12":0,"13":0,"14":0,"15":0,"16":0,"17":0,"18":0,"19":0,"20":0,"21":0,"22":0,"23":0,"24":0,"25":0,"26":0,"27":0,"28":0,"29":0,"30":0,"31":0,"32":0,"33":0,"34":0,"35":0,"36":0,"37":0,"38":0,"39":0,"40":0,"41":0,"42":0,"43":0,"44":0,"45":0,"46":0,"47":0,"48":0,"49":0,"50":0},"b":{"1":[0,0],"2":[0,0],"3":[0,0],"4":[0,0],"5":[0,0],"6":[0,0],"7":[0,0],"8":[0,0],"9":[0,0],"10":[0,0],"11":[0,0],"12":[0,0],"13":[0,0],"14":[0,0]},"f":{"1":3,"2":0,"3":0,"4":0,"5":0,"6":0,"7":0,"8":0,"9":0,"10":0,"11":0,"12":0,"13":0,"14":0,"15":0,"16":0,"17":0},"fnMap":{"1":{"name":"constructor","line":37,"loc":{"start":{"line":37,"column":4},"end":{"line":39,"column":4}}},"2":{"name":"deposit","line":47,"loc":{"start":{"line":47,"column":4},"end":{"line":62,"column":4}}},"3":{"name":"withdraw","line":70,"loc":{"start":{"line":70,"column":4},"end":{"line":82,"column":4}}},"4":{"name":"transfer","line":97,"loc":{"start":{"line":92,"column":4},"end":{"line":106,"column":4}}},"5":{"name":"flashLoan","line":120,"loc":{"start":{"line":115,"column":4},"end":{"line":134,"column":4}}},"6":{"name":"approveContract","line":153,"loc":{"start":{"line":146,"column":4},"end":{"line":179,"column":4}}},"7":{"name":"flashFee","line":187,"loc":{"start":{"line":187,"column":4},"end":{"line":189,"column":4}}},"8":{"name":"_flashFee","line":197,"loc":{"start":{"line":197,"column":4},"end":{"line":199,"column":4}}},"9":{"name":"maxFlashLoan","line":206,"loc":{"start":{"line":206,"column":4},"end":{"line":208,"column":4}}},"10":{"name":"updateCode","line":216,"loc":{"start":{"line":216,"column":4},"end":{"line":216,"column":61}}},"11":{"name":"setPause","line":222,"loc":{"start":{"line":222,"column":4},"end":{"line":228,"column":4}}},"12":{"name":"emergencyWithdraw","line":240,"loc":{"start":{"line":236,"column":4},"end":{"line":244,"column":4}}},"13":{"name":"allowContract","line":251,"loc":{"start":{"line":251,"column":4},"end":{"line":253,"column":4}}},"14":{"name":"updateFlashloanfeeRate","line":259,"loc":{"start":{"line":259,"column":4},"end":{"line":261,"column":4}}},"15":{"name":"toShare","line":270,"loc":{"start":{"line":270,"column":4},"end":{"line":272,"column":4}}},"16":{"name":"toUnderlying","line":279,"loc":{"start":{"line":279,"column":4},"end":{"line":281,"column":4}}},"17":{"name":"viewShare","line":284,"loc":{"start":{"line":284,"column":4},"end":{"line":286,"column":4}}}},"statementMap":{"1":{"start":{"line":38,"column":8},"end":{"line":38,"column":25}},"2":{"start":{"line":48,"column":8},"end":{"line":48,"column":2006}},"3":{"start":{"line":52,"column":8},"end":{"line":52,"column":98}},"4":{"start":{"line":53,"column":8},"end":{"line":53,"column":68}},"5":{"start":{"line":54,"column":8},"end":{"line":54,"column":2343}},"6":{"start":{"line":55,"column":12},"end":{"line":55,"column":61}},"7":{"start":{"line":57,"column":12},"end":{"line":57,"column":81}},"8":{"start":{"line":58,"column":12},"end":{"line":58,"column":38}},"9":{"start":{"line":59,"column":12},"end":{"line":59,"column":48}},"10":{"start":{"line":61,"column":8},"end":{"line":61,"column":36}},"11":{"start":{"line":71,"column":8},"end":{"line":71,"column":3058}},"12":{"start":{"line":76,"column":8},"end":{"line":76,"column":77}},"13":{"start":{"line":77,"column":8},"end":{"line":77,"column":59}},"14":{"start":{"line":78,"column":8},"end":{"line":78,"column":36}},"15":{"start":{"line":79,"column":8},"end":{"line":79,"column":52}},"16":{"start":{"line":80,"column":8},"end":{"line":80,"column":34}},"17":{"start":{"line":81,"column":8},"end":{"line":81,"column":43}},"18":{"start":{"line":98,"column":8},"end":{"line":98,"column":4156}},"19":{"start":{"line":103,"column":8},"end":{"line":103,"column":81}},"20":{"start":{"line":104,"column":8},"end":{"line":104,"column":39}},"21":{"start":{"line":105,"column":8},"end":{"line":105,"column":43}},"22":{"start":{"line":121,"column":8},"end":{"line":121,"column":51}},"23":{"start":{"line":122,"column":8},"end":{"line":122,"column":93}},"24":{"start":{"line":123,"column":8},"end":{"line":123,"column":56}},"25":{"start":{"line":124,"column":8},"end":{"line":124,"column":5430}},"26":{"start":{"line":128,"column":8},"end":{"line":128,"column":5597}},"27":{"start":{"line":132,"column":8},"end":{"line":132,"column":86}},"28":{"start":{"line":133,"column":8},"end":{"line":133,"column":19}},"29":{"start":{"line":154,"column":8},"end":{"line":154,"column":82}},"30":{"start":{"line":155,"column":8},"end":{"line":155,"column":23}},"31":{"start":{"line":161,"column":8},"end":{"line":161,"column":6769}},"32":{"start":{"line":173,"column":8},"end":{"line":173,"column":90}},"33":{"start":{"line":175,"column":8},"end":{"line":175,"column":92}},"34":{"start":{"line":176,"column":8},"end":{"line":176,"column":49}},"35":{"start":{"line":177,"column":8},"end":{"line":177,"column":92}},"36":{"start":{"line":178,"column":8},"end":{"line":178,"column":37}},"37":{"start":{"line":188,"column":8},"end":{"line":188,"column":39}},"38":{"start":{"line":198,"column":8},"end":{"line":198,"column":41}},"39":{"start":{"line":207,"column":8},"end":{"line":207,"column":34}},"40":{"start":{"line":223,"column":8},"end":{"line":223,"column":9174}},"41":{"start":{"line":224,"column":12},"end":{"line":224,"column":19}},"42":{"start":{"line":226,"column":12},"end":{"line":226,"column":21}},"43":{"start":{"line":241,"column":8},"end":{"line":241,"column":94}},"44":{"start":{"line":242,"column":8},"end":{"line":242,"column":89}},"45":{"start":{"line":243,"column":8},"end":{"line":243,"column":43}},"46":{"start":{"line":252,"column":8},"end":{"line":252,"column":38}},"47":{"start":{"line":260,"column":8},"end":{"line":260,"column":25}},"48":{"start":{"line":271,"column":8},"end":{"line":271,"column":84}},"49":{"start":{"line":280,"column":8},"end":{"line":280,"column":84}},"50":{"start":{"line":285,"column":8},"end":{"line":285,"column":39}}},"branchMap":{"1":{"line":48,"type":"if","locations":[{"start":{"line":48,"column":8},"end":{"line":48,"column":8}},{"start":{"line":48,"column":8},"end":{"line":48,"column":8}}]},"2":{"line":52,"type":"if","locations":[{"start":{"line":52,"column":8},"end":{"line":52,"column":8}},{"start":{"line":52,"column":8},"end":{"line":52,"column":8}}]},"3":{"line":54,"type":"if","locations":[{"start":{"line":54,"column":8},"end":{"line":54,"column":8}},{"start":{"line":54,"column":8},"end":{"line":54,"column":8}}]},"4":{"line":71,"type":"if","locations":[{"start":{"line":71,"column":8},"end":{"line":71,"column":8}},{"start":{"line":71,"column":8},"end":{"line":71,"column":8}}]},"5":{"line":77,"type":"if","locations":[{"start":{"line":77,"column":8},"end":{"line":77,"column":8}},{"start":{"line":77,"column":8},"end":{"line":77,"column":8}}]},"6":{"line":98,"type":"if","locations":[{"start":{"line":98,"column":8},"end":{"line":98,"column":8}},{"start":{"line":98,"column":8},"end":{"line":98,"column":8}}]},"7":{"line":103,"type":"if","locations":[{"start":{"line":103,"column":8},"end":{"line":103,"column":8}},{"start":{"line":103,"column":8},"end":{"line":103,"column":8}}]},"8":{"line":122,"type":"if","locations":[{"start":{"line":122,"column":8},"end":{"line":122,"column":8}},{"start":{"line":122,"column":8},"end":{"line":122,"column":8}}]},"9":{"line":124,"type":"if","locations":[{"start":{"line":124,"column":8},"end":{"line":124,"column":8}},{"start":{"line":124,"column":8},"end":{"line":124,"column":8}}]},"10":{"line":128,"type":"if","locations":[{"start":{"line":128,"column":8},"end":{"line":128,"column":8}},{"start":{"line":128,"column":8},"end":{"line":128,"column":8}}]},"11":{"line":154,"type":"if","locations":[{"start":{"line":154,"column":8},"end":{"line":154,"column":8}},{"start":{"line":154,"column":8},"end":{"line":154,"column":8}}]},"12":{"line":177,"type":"if","locations":[{"start":{"line":177,"column":8},"end":{"line":177,"column":8}},{"start":{"line":177,"column":8},"end":{"line":177,"column":8}}]},"13":{"line":223,"type":"if","locations":[{"start":{"line":223,"column":8},"end":{"line":223,"column":8}},{"start":{"line":223,"column":8},"end":{"line":223,"column":8}}]},"14":{"line":242,"type":"if","locations":[{"start":{"line":242,"column":8},"end":{"line":242,"column":8}},{"start":{"line":242,"column":8},"end":{"line":242,"column":8}}]}}}}
