{
"contracts\\interfaces\\IERC20.sol":{"l":{},"path":"F:\\Work\\Vault\\contracts\\interfaces\\IERC20.sol","s":{},"b":{},"f":{},"fnMap":{},"statementMap":{},"branchMap":{}},
"contracts\\interfaces\\IERC3156FlashBorrower.sol":{"l":{},"path":"F:\\Work\\Vault\\contracts\\interfaces\\IERC3156FlashBorrower.sol","s":{},"b":{},"f":{},"fnMap":{},"statementMap":{},"branchMap":{}},
"contracts\\interfaces\\IERC3156FlashLender.sol":{"l":{},"path":"F:\\Work\\Vault\\contracts\\interfaces\\IERC3156FlashLender.sol","s":{},"b":{},"f":{},"fnMap":{},"statementMap":{},"branchMap":{}},
"contracts\\mock\\ERC20Mock.sol":{"l":{"11":15},"path":"F:\\Work\\Vault\\contracts\\mock\\ERC20Mock.sol","s":{"1":15},"b":{},"f":{"1":45,"2":15},"fnMap":{"1":{"name":"constructor","line":7,"loc":{"start":{"line":7,"column":4},"end":{"line":7,"column":45}}},"2":{"name":"mint","line":10,"loc":{"start":{"line":10,"column":4},"end":{"line":12,"column":4}}}},"statementMap":{"1":{"start":{"line":11,"column":8},"end":{"line":11,"column":29}}},"branchMap":{}},
"contracts\\mock\\FlashBorrowerMock.sol":{"l":{"23":15,"42":0,"43":0,"44":0,"46":0,"47":0,"49":0,"52":0,"54":0,"56":0,"69":0,"70":0,"71":0,"73":0,"75":0,"78":0,"79":0,"80":0,"81":0,"82":0,"99":0,"109":0},"path":"F:\\Work\\Vault\\contracts\\mock\\FlashBorrowerMock.sol","s":{"1":15,"2":0,"3":0,"4":0,"5":0,"6":0,"7":0,"8":0,"9":0,"10":0,"11":0,"12":0,"13":0,"14":0,"15":0,"16":0,"17":0,"18":0,"19":0,"20":0,"21":0,"22":0,"23":0,"24":0},"b":{"1":[0,0],"2":[0,0],"3":[0,0],"4":[0,0],"5":[0,0],"6":[0,0]},"f":{"1":15,"2":0,"3":0,"4":0,"5":0},"fnMap":{"1":{"name":"constructor","line":22,"loc":{"start":{"line":22,"column":4},"end":{"line":24,"column":4}}},"2":{"name":"onFlashLoan","line":35,"loc":{"start":{"line":35,"column":4},"end":{"line":57,"column":4}}},"3":{"name":"flashBorrow","line":64,"loc":{"start":{"line":64,"column":4},"end":{"line":83,"column":4}}},"4":{"name":"transfer","line":93,"loc":{"start":{"line":93,"column":4},"end":{"line":100,"column":4}}},"5":{"name":"withdraw","line":108,"loc":{"start":{"line":108,"column":4},"end":{"line":110,"column":4}}}},"statementMap":{"1":{"start":{"line":23,"column":8},"end":{"line":23,"column":23}},"2":{"start":{"line":42,"column":8},"end":{"line":42,"column":27}},"3":{"start":{"line":43,"column":8},"end":{"line":43,"column":85}},"4":{"start":{"line":44,"column":8},"end":{"line":44,"column":80}},"5":{"start":{"line":46,"column":8},"end":{"line":46,"column":50}},"6":{"start":{"line":47,"column":8},"end":{"line":47,"column":1472}},"7":{"start":{"line":49,"column":12},"end":{"line":49,"column":70}},"8":{"start":{"line":50,"column":15},"end":{"line":50,"column":1622}},"9":{"start":{"line":52,"column":12},"end":{"line":52,"column":76}},"10":{"start":{"line":54,"column":12},"end":{"line":54,"column":76}},"11":{"start":{"line":56,"column":8},"end":{"line":56,"column":26}},"12":{"start":{"line":69,"column":8},"end":{"line":69,"column":25}},"13":{"start":{"line":70,"column":8},"end":{"line":70,"column":2204}},"14":{"start":{"line":71,"column":12},"end":{"line":71,"column":43}},"15":{"start":{"line":72,"column":15},"end":{"line":72,"column":2295}},"16":{"start":{"line":73,"column":12},"end":{"line":73,"column":42}},"17":{"start":{"line":75,"column":12},"end":{"line":75,"column":33}},"18":{"start":{"line":78,"column":8},"end":{"line":78,"column":84}},"19":{"start":{"line":79,"column":8},"end":{"line":79,"column":53}},"20":{"start":{"line":80,"column":8},"end":{"line":80,"column":42}},"21":{"start":{"line":81,"column":8},"end":{"line":81,"column":70}},"22":{"start":{"line":82,"column":8},"end":{"line":82,"column":50}},"23":{"start":{"line":99,"column":8},"end":{"line":99,"column":56}},"24":{"start":{"line":109,"column":8},"end":{"line":109,"column":37}}},"branchMap":{"1":{"line":43,"type":"if","locations":[{"start":{"line":43,"column":8},"end":{"line":43,"column":8}},{"start":{"line":43,"column":8},"end":{"line":43,"column":8}}]},"2":{"line":44,"type":"if","locations":[{"start":{"line":44,"column":8},"end":{"line":44,"column":8}},{"start":{"line":44,"column":8},"end":{"line":44,"column":8}}]},"3":{"line":47,"type":"if","locations":[{"start":{"line":47,"column":8},"end":{"line":47,"column":8}},{"start":{"line":47,"column":8},"end":{"line":47,"column":8}}]},"4":{"line":50,"type":"if","locations":[{"start":{"line":50,"column":15},"end":{"line":50,"column":15}},{"start":{"line":50,"column":15},"end":{"line":50,"column":15}}]},"5":{"line":70,"type":"if","locations":[{"start":{"line":70,"column":8},"end":{"line":70,"column":8}},{"start":{"line":70,"column":8},"end":{"line":70,"column":8}}]},"6":{"line":72,"type":"if","locations":[{"start":{"line":72,"column":15},"end":{"line":72,"column":15}},{"start":{"line":72,"column":15},"end":{"line":72,"column":15}}]}}},
"contracts\\Vault.sol":{"l":{"38":15,"48":4,"52":3,"53":2,"54":2,"55":1,"57":1,"58":1,"59":1,"61":2,"71":0,"76":0,"77":0,"78":0,"79":0,"80":0,"81":0,"98":0,"103":0,"104":0,"105":0,"121":0,"122":0,"123":0,"124":0,"128":0,"132":0,"133":0,"154":3,"155":2,"156":2,"159":2,"170":2,"171":2,"172":2,"173":2,"174":1,"184":0,"194":0,"203":0,"219":0,"220":0,"222":0,"237":0,"238":0,"239":0,"248":2,"256":0,"267":0,"276":0,"281":0},"path":"F:\\Work\\Vault\\contracts\\Vault.sol","s":{"1":15,"2":4,"3":3,"4":2,"5":2,"6":1,"7":1,"8":1,"9":1,"10":2,"11":0,"12":0,"13":0,"14":0,"15":0,"16":0,"17":0,"18":0,"19":0,"20":0,"21":0,"22":0,"23":0,"24":0,"25":0,"26":0,"27":0,"28":0,"29":3,"30":2,"31":2,"32":2,"33":2,"34":2,"35":2,"36":1,"37":0,"38":0,"39":0,"40":0,"41":0,"42":0,"43":0,"44":0,"45":0,"46":2,"47":0,"48":0,"49":0,"50":0},"b":{"1":[3,1],"2":[2,1],"3":[1,1],"4":[0,0],"5":[0,0],"6":[0,0],"7":[0,0],"8":[0,0],"9":[0,0],"10":[0,0],"11":[2,1],"12":[1,1],"13":[0,0],"14":[0,0]},"f":{"1":15,"2":4,"3":0,"4":0,"5":0,"6":3,"7":0,"8":0,"9":0,"10":0,"11":0,"12":0,"13":2,"14":0,"15":0,"16":0,"17":0},"fnMap":{"1":{"name":"constructor","line":37,"loc":{"start":{"line":37,"column":4},"end":{"line":39,"column":4}}},"2":{"name":"deposit","line":47,"loc":{"start":{"line":47,"column":4},"end":{"line":62,"column":4}}},"3":{"name":"withdraw","line":70,"loc":{"start":{"line":70,"column":4},"end":{"line":82,"column":4}}},"4":{"name":"transfer","line":97,"loc":{"start":{"line":92,"column":4},"end":{"line":106,"column":4}}},"5":{"name":"flashLoan","line":120,"loc":{"start":{"line":115,"column":4},"end":{"line":134,"column":4}}},"6":{"name":"approveContract","line":153,"loc":{"start":{"line":146,"column":4},"end":{"line":175,"column":4}}},"7":{"name":"flashFee","line":183,"loc":{"start":{"line":183,"column":4},"end":{"line":185,"column":4}}},"8":{"name":"_flashFee","line":193,"loc":{"start":{"line":193,"column":4},"end":{"line":195,"column":4}}},"9":{"name":"maxFlashLoan","line":202,"loc":{"start":{"line":202,"column":4},"end":{"line":204,"column":4}}},"10":{"name":"updateCode","line":212,"loc":{"start":{"line":212,"column":4},"end":{"line":212,"column":61}}},"11":{"name":"setPause","line":218,"loc":{"start":{"line":218,"column":4},"end":{"line":224,"column":4}}},"12":{"name":"emergencyWithdraw","line":236,"loc":{"start":{"line":232,"column":4},"end":{"line":240,"column":4}}},"13":{"name":"allowContract","line":247,"loc":{"start":{"line":247,"column":4},"end":{"line":249,"column":4}}},"14":{"name":"updateFlashloanfeeRate","line":255,"loc":{"start":{"line":255,"column":4},"end":{"line":257,"column":4}}},"15":{"name":"toShare","line":266,"loc":{"start":{"line":266,"column":4},"end":{"line":268,"column":4}}},"16":{"name":"toUnderlying","line":275,"loc":{"start":{"line":275,"column":4},"end":{"line":277,"column":4}}},"17":{"name":"viewShare","line":280,"loc":{"start":{"line":280,"column":4},"end":{"line":282,"column":4}}}},"statementMap":{"1":{"start":{"line":38,"column":8},"end":{"line":38,"column":25}},"2":{"start":{"line":48,"column":8},"end":{"line":48,"column":2006}},"3":{"start":{"line":52,"column":8},"end":{"line":52,"column":98}},"4":{"start":{"line":53,"column":8},"end":{"line":53,"column":68}},"5":{"start":{"line":54,"column":8},"end":{"line":54,"column":2343}},"6":{"start":{"line":55,"column":12},"end":{"line":55,"column":61}},"7":{"start":{"line":57,"column":12},"end":{"line":57,"column":81}},"8":{"start":{"line":58,"column":12},"end":{"line":58,"column":38}},"9":{"start":{"line":59,"column":12},"end":{"line":59,"column":48}},"10":{"start":{"line":61,"column":8},"end":{"line":61,"column":36}},"11":{"start":{"line":71,"column":8},"end":{"line":71,"column":3058}},"12":{"start":{"line":76,"column":8},"end":{"line":76,"column":77}},"13":{"start":{"line":77,"column":8},"end":{"line":77,"column":59}},"14":{"start":{"line":78,"column":8},"end":{"line":78,"column":36}},"15":{"start":{"line":79,"column":8},"end":{"line":79,"column":52}},"16":{"start":{"line":80,"column":8},"end":{"line":80,"column":34}},"17":{"start":{"line":81,"column":8},"end":{"line":81,"column":43}},"18":{"start":{"line":98,"column":8},"end":{"line":98,"column":4156}},"19":{"start":{"line":103,"column":8},"end":{"line":103,"column":81}},"20":{"start":{"line":104,"column":8},"end":{"line":104,"column":39}},"21":{"start":{"line":105,"column":8},"end":{"line":105,"column":43}},"22":{"start":{"line":121,"column":8},"end":{"line":121,"column":51}},"23":{"start":{"line":122,"column":8},"end":{"line":122,"column":93}},"24":{"start":{"line":123,"column":8},"end":{"line":123,"column":56}},"25":{"start":{"line":124,"column":8},"end":{"line":124,"column":5430}},"26":{"start":{"line":128,"column":8},"end":{"line":128,"column":5597}},"27":{"start":{"line":132,"column":8},"end":{"line":132,"column":86}},"28":{"start":{"line":133,"column":8},"end":{"line":133,"column":19}},"29":{"start":{"line":154,"column":8},"end":{"line":154,"column":82}},"30":{"start":{"line":155,"column":8},"end":{"line":155,"column":23}},"31":{"start":{"line":159,"column":8},"end":{"line":159,"column":6712}},"32":{"start":{"line":170,"column":8},"end":{"line":170,"column":90}},"33":{"start":{"line":171,"column":8},"end":{"line":171,"column":92}},"34":{"start":{"line":172,"column":8},"end":{"line":172,"column":49}},"35":{"start":{"line":173,"column":8},"end":{"line":173,"column":92}},"36":{"start":{"line":174,"column":8},"end":{"line":174,"column":37}},"37":{"start":{"line":184,"column":8},"end":{"line":184,"column":39}},"38":{"start":{"line":194,"column":8},"end":{"line":194,"column":41}},"39":{"start":{"line":203,"column":8},"end":{"line":203,"column":34}},"40":{"start":{"line":219,"column":8},"end":{"line":219,"column":9113}},"41":{"start":{"line":220,"column":12},"end":{"line":220,"column":19}},"42":{"start":{"line":222,"column":12},"end":{"line":222,"column":21}},"43":{"start":{"line":237,"column":8},"end":{"line":237,"column":94}},"44":{"start":{"line":238,"column":8},"end":{"line":238,"column":89}},"45":{"start":{"line":239,"column":8},"end":{"line":239,"column":43}},"46":{"start":{"line":248,"column":8},"end":{"line":248,"column":38}},"47":{"start":{"line":256,"column":8},"end":{"line":256,"column":25}},"48":{"start":{"line":267,"column":8},"end":{"line":267,"column":84}},"49":{"start":{"line":276,"column":8},"end":{"line":276,"column":84}},"50":{"start":{"line":281,"column":8},"end":{"line":281,"column":39}}},"branchMap":{"1":{"line":48,"type":"if","locations":[{"start":{"line":48,"column":8},"end":{"line":48,"column":8}},{"start":{"line":48,"column":8},"end":{"line":48,"column":8}}]},"2":{"line":52,"type":"if","locations":[{"start":{"line":52,"column":8},"end":{"line":52,"column":8}},{"start":{"line":52,"column":8},"end":{"line":52,"column":8}}]},"3":{"line":54,"type":"if","locations":[{"start":{"line":54,"column":8},"end":{"line":54,"column":8}},{"start":{"line":54,"column":8},"end":{"line":54,"column":8}}]},"4":{"line":71,"type":"if","locations":[{"start":{"line":71,"column":8},"end":{"line":71,"column":8}},{"start":{"line":71,"column":8},"end":{"line":71,"column":8}}]},"5":{"line":77,"type":"if","locations":[{"start":{"line":77,"column":8},"end":{"line":77,"column":8}},{"start":{"line":77,"column":8},"end":{"line":77,"column":8}}]},"6":{"line":98,"type":"if","locations":[{"start":{"line":98,"column":8},"end":{"line":98,"column":8}},{"start":{"line":98,"column":8},"end":{"line":98,"column":8}}]},"7":{"line":103,"type":"if","locations":[{"start":{"line":103,"column":8},"end":{"line":103,"column":8}},{"start":{"line":103,"column":8},"end":{"line":103,"column":8}}]},"8":{"line":122,"type":"if","locations":[{"start":{"line":122,"column":8},"end":{"line":122,"column":8}},{"start":{"line":122,"column":8},"end":{"line":122,"column":8}}]},"9":{"line":124,"type":"if","locations":[{"start":{"line":124,"column":8},"end":{"line":124,"column":8}},{"start":{"line":124,"column":8},"end":{"line":124,"column":8}}]},"10":{"line":128,"type":"if","locations":[{"start":{"line":128,"column":8},"end":{"line":128,"column":8}},{"start":{"line":128,"column":8},"end":{"line":128,"column":8}}]},"11":{"line":154,"type":"if","locations":[{"start":{"line":154,"column":8},"end":{"line":154,"column":8}},{"start":{"line":154,"column":8},"end":{"line":154,"column":8}}]},"12":{"line":173,"type":"if","locations":[{"start":{"line":173,"column":8},"end":{"line":173,"column":8}},{"start":{"line":173,"column":8},"end":{"line":173,"column":8}}]},"13":{"line":219,"type":"if","locations":[{"start":{"line":219,"column":8},"end":{"line":219,"column":8}},{"start":{"line":219,"column":8},"end":{"line":219,"column":8}}]},"14":{"line":238,"type":"if","locations":[{"start":{"line":238,"column":8},"end":{"line":238,"column":8}},{"start":{"line":238,"column":8},"end":{"line":238,"column":8}}]}}}}
