TN:
SF:F:\Work\Vault\contracts\interfaces\IERC20.sol
FNF:0
FNH:0
LF:0
LH:0
BRF:0
BRH:0
end_of_record
TN:
SF:F:\Work\Vault\contracts\interfaces\IERC3156FlashBorrower.sol
FNF:0
FNH:0
LF:0
LH:0
BRF:0
BRH:0
end_of_record
TN:
SF:F:\Work\Vault\contracts\interfaces\IERC3156FlashLender.sol
FNF:0
FNH:0
LF:0
LH:0
BRF:0
BRH:0
end_of_record
TN:
SF:F:\Work\Vault\contracts\mock\ERC20Mock.sol
FN:7,constructor
FN:10,mint
FNF:2
FNH:1
FNDA:9,constructor
FNDA:0,mint
DA:11,0
LF:1
LH:0
BRF:0
BRH:0
end_of_record
TN:
SF:F:\Work\Vault\contracts\mock\FlashBorrowerMock.sol
FN:22,constructor
FN:35,onFlashLoan
FN:64,flashBorrow
FN:93,transfer
FN:108,withdraw
FNF:5
FNH:1
FNDA:3,constructor
FNDA:0,onFlashLoan
FNDA:0,flashBorrow
FNDA:0,transfer
FNDA:0,withdraw
DA:23,3
DA:42,0
DA:43,0
DA:44,0
DA:46,0
DA:47,0
DA:49,0
DA:52,0
DA:54,0
DA:56,0
DA:69,0
DA:70,0
DA:71,0
DA:73,0
DA:75,0
DA:78,0
DA:79,0
DA:80,0
DA:81,0
DA:82,0
DA:99,0
DA:109,0
LF:22
LH:1
BRDA:43,1,0,0
BRDA:43,1,1,0
BRDA:44,2,0,0
BRDA:44,2,1,0
BRDA:47,3,0,0
BRDA:47,3,1,0
BRDA:50,4,0,0
BRDA:50,4,1,0
BRDA:70,5,0,0
BRDA:70,5,1,0
BRDA:72,6,0,0
BRDA:72,6,1,0
BRF:12
BRH:0
end_of_record
TN:
SF:F:\Work\Vault\contracts\StakingVault.sol
FN:40,constructor
FN:45,isLocked
FN:50,isApproved
FN:58,onlyRewardDistributor
FN:70,lock
FN:84,increaseLock
FN:106,unLock
FN:133,getClaimableRewards
FN:141,claimRewards
FN:157,compound
FN:183,lockFor
FN:191,setRewardDistributor
FN:198,setPause
FN:212,notifyRewardAmount
FN:228,_lock
FN:249,_earned
FN:260,_updateReward
FN:273,_getRewardPerTokenForOneSecond
FNF:18
FNH:0
FNDA:0,constructor
FNDA:0,isLocked
FNDA:0,isApproved
FNDA:0,onlyRewardDistributor
FNDA:0,lock
FNDA:0,increaseLock
FNDA:0,unLock
FNDA:0,getClaimableRewards
FNDA:0,claimRewards
FNDA:0,compound
FNDA:0,lockFor
FNDA:0,setRewardDistributor
FNDA:0,setPause
FNDA:0,notifyRewardAmount
FNDA:0,_lock
FNDA:0,_earned
FNDA:0,_updateReward
FNDA:0,_getRewardPerTokenForOneSecond
DA:41,0
DA:42,0
DA:46,0
DA:47,0
DA:51,0
DA:55,0
DA:59,0
DA:60,0
DA:71,0
DA:86,0
DA:87,0
DA:91,0
DA:95,0
DA:96,0
DA:97,0
DA:98,0
DA:99,0
DA:107,0
DA:109,0
DA:113,0
DA:114,0
DA:115,0
DA:116,0
DA:117,0
DA:118,0
DA:119,0
DA:120,0
DA:121,0
DA:122,0
DA:123,0
DA:125,0
DA:134,0
DA:142,0
DA:143,0
DA:144,0
DA:145,0
DA:146,0
DA:147,0
DA:148,0
DA:158,0
DA:159,0
DA:160,0
DA:164,0
DA:165,0
DA:166,0
DA:167,0
DA:168,0
DA:169,0
DA:184,0
DA:192,0
DA:199,0
DA:200,0
DA:202,0
DA:214,0
DA:215,0
DA:229,0
DA:230,0
DA:231,0
DA:235,0
DA:236,0
DA:237,0
DA:238,0
DA:239,0
DA:240,0
DA:241,0
DA:250,0
DA:251,0
DA:252,0
DA:253,0
DA:261,0
DA:262,0
DA:263,0
DA:264,0
DA:265,0
DA:266,0
DA:274,0
LF:76
LH:0
BRDA:41,1,0,0
BRDA:41,1,1,0
BRDA:46,2,0,0
BRDA:46,2,1,0
BRDA:51,3,0,0
BRDA:51,3,1,0
BRDA:59,4,0,0
BRDA:59,4,1,0
BRDA:87,5,0,0
BRDA:87,5,1,0
BRDA:91,6,0,0
BRDA:91,6,1,0
BRDA:109,7,0,0
BRDA:109,7,1,0
BRDA:113,8,0,0
BRDA:113,8,1,0
BRDA:120,9,0,0
BRDA:120,9,1,0
BRDA:142,10,0,0
BRDA:142,10,1,0
BRDA:146,11,0,0
BRDA:146,11,1,0
BRDA:158,12,0,0
BRDA:158,12,1,0
BRDA:160,13,0,0
BRDA:160,13,1,0
BRDA:165,14,0,0
BRDA:165,14,1,0
BRDA:199,15,0,0
BRDA:199,15,1,0
BRDA:229,16,0,0
BRDA:229,16,1,0
BRDA:230,17,0,0
BRDA:230,17,1,0
BRDA:231,18,0,0
BRDA:231,18,1,0
BRDA:263,19,0,0
BRDA:263,19,1,0
BRF:38
BRH:0
end_of_record
TN:
SF:F:\Work\Vault\contracts\Vault.sol
FN:37,constructor
FN:47,deposit
FN:70,withdraw
FN:97,transfer
FN:120,flashLoan
FN:153,approveContract
FN:187,flashFee
FN:197,_flashFee
FN:206,maxFlashLoan
FN:216,updateCode
FN:222,setPause
FN:240,emergencyWithdraw
FN:251,allowContract
FN:259,updateFlashloanfeeRate
FN:270,toShare
FN:279,toUnderlying
FN:284,viewShare
FNF:17
FNH:1
FNDA:3,constructor
FNDA:0,deposit
FNDA:0,withdraw
FNDA:0,transfer
FNDA:0,flashLoan
FNDA:0,approveContract
FNDA:0,flashFee
FNDA:0,_flashFee
FNDA:0,maxFlashLoan
FNDA:0,updateCode
FNDA:0,setPause
FNDA:0,emergencyWithdraw
FNDA:0,allowContract
FNDA:0,updateFlashloanfeeRate
FNDA:0,toShare
FNDA:0,toUnderlying
FNDA:0,viewShare
DA:38,3
DA:48,0
DA:52,0
DA:53,0
DA:54,0
DA:55,0
DA:57,0
DA:58,0
DA:59,0
DA:61,0
DA:71,0
DA:76,0
DA:77,0
DA:78,0
DA:79,0
DA:80,0
DA:81,0
DA:98,0
DA:103,0
DA:104,0
DA:105,0
DA:121,0
DA:122,0
DA:123,0
DA:124,0
DA:128,0
DA:132,0
DA:133,0
DA:154,0
DA:155,0
DA:156,0
DA:161,0
DA:173,0
DA:175,0
DA:176,0
DA:177,0
DA:178,0
DA:188,0
DA:198,0
DA:207,0
DA:223,0
DA:224,0
DA:226,0
DA:241,0
DA:242,0
DA:243,0
DA:252,0
DA:260,0
DA:271,0
DA:280,0
DA:285,0
LF:51
LH:1
BRDA:48,1,0,0
BRDA:48,1,1,0
BRDA:52,2,0,0
BRDA:52,2,1,0
BRDA:54,3,0,0
BRDA:54,3,1,0
BRDA:71,4,0,0
BRDA:71,4,1,0
BRDA:77,5,0,0
BRDA:77,5,1,0
BRDA:98,6,0,0
BRDA:98,6,1,0
BRDA:103,7,0,0
BRDA:103,7,1,0
BRDA:122,8,0,0
BRDA:122,8,1,0
BRDA:124,9,0,0
BRDA:124,9,1,0
BRDA:128,10,0,0
BRDA:128,10,1,0
BRDA:154,11,0,0
BRDA:154,11,1,0
BRDA:177,12,0,0
BRDA:177,12,1,0
BRDA:223,13,0,0
BRDA:223,13,1,0
BRDA:242,14,0,0
BRDA:242,14,1,0
BRF:28
BRH:0
end_of_record
