TN:
SF:F:\Work\Vault\contracts\interfaces\IERC20.sol
FNF:0
FNH:0
LF:0
LH:0
BRF:0
BRH:0
end_of_record
TN:
SF:F:\Work\Vault\contracts\interfaces\IERC3156FlashBorrower.sol
FNF:0
FNH:0
LF:0
LH:0
BRF:0
BRH:0
end_of_record
TN:
SF:F:\Work\Vault\contracts\interfaces\IERC3156FlashLender.sol
FNF:0
FNH:0
LF:0
LH:0
BRF:0
BRH:0
end_of_record
TN:
SF:F:\Work\Vault\contracts\mock\ERC20Mock.sol
FN:7,constructor
FN:10,mint
FNF:2
FNH:2
FNDA:45,constructor
FNDA:15,mint
DA:11,15
LF:1
LH:1
BRF:0
BRH:0
end_of_record
TN:
SF:F:\Work\Vault\contracts\mock\FlashBorrowerMock.sol
FN:22,constructor
FN:35,onFlashLoan
FN:64,flashBorrow
FN:93,transfer
FN:108,withdraw
FNF:5
FNH:1
FNDA:15,constructor
FNDA:0,onFlashLoan
FNDA:0,flashBorrow
FNDA:0,transfer
FNDA:0,withdraw
DA:23,15
DA:42,0
DA:43,0
DA:44,0
DA:46,0
DA:47,0
DA:49,0
DA:52,0
DA:54,0
DA:56,0
DA:69,0
DA:70,0
DA:71,0
DA:73,0
DA:75,0
DA:78,0
DA:79,0
DA:80,0
DA:81,0
DA:82,0
DA:99,0
DA:109,0
LF:22
LH:1
BRDA:43,1,0,0
BRDA:43,1,1,0
BRDA:44,2,0,0
BRDA:44,2,1,0
BRDA:47,3,0,0
BRDA:47,3,1,0
BRDA:50,4,0,0
BRDA:50,4,1,0
BRDA:70,5,0,0
BRDA:70,5,1,0
BRDA:72,6,0,0
BRDA:72,6,1,0
BRF:12
BRH:0
end_of_record
TN:
SF:F:\Work\Vault\contracts\Vault.sol
FN:37,constructor
FN:47,deposit
FN:70,withdraw
FN:97,transfer
FN:120,flashLoan
FN:153,approveContract
FN:183,flashFee
FN:193,_flashFee
FN:202,maxFlashLoan
FN:212,updateCode
FN:218,setPause
FN:236,emergencyWithdraw
FN:247,allowContract
FN:255,updateFlashloanfeeRate
FN:266,toShare
FN:275,toUnderlying
FN:280,viewShare
FNF:17
FNH:4
FNDA:15,constructor
FNDA:4,deposit
FNDA:0,withdraw
FNDA:0,transfer
FNDA:0,flashLoan
FNDA:3,approveContract
FNDA:0,flashFee
FNDA:0,_flashFee
FNDA:0,maxFlashLoan
FNDA:0,updateCode
FNDA:0,setPause
FNDA:0,emergencyWithdraw
FNDA:2,allowContract
FNDA:0,updateFlashloanfeeRate
FNDA:0,toShare
FNDA:0,toUnderlying
FNDA:0,viewShare
DA:38,15
DA:48,4
DA:52,3
DA:53,2
DA:54,2
DA:55,1
DA:57,1
DA:58,1
DA:59,1
DA:61,2
DA:71,0
DA:76,0
DA:77,0
DA:78,0
DA:79,0
DA:80,0
DA:81,0
DA:98,0
DA:103,0
DA:104,0
DA:105,0
DA:121,0
DA:122,0
DA:123,0
DA:124,0
DA:128,0
DA:132,0
DA:133,0
DA:154,3
DA:155,2
DA:156,2
DA:159,2
DA:170,2
DA:171,2
DA:172,2
DA:173,2
DA:174,1
DA:184,0
DA:194,0
DA:203,0
DA:219,0
DA:220,0
DA:222,0
DA:237,0
DA:238,0
DA:239,0
DA:248,2
DA:256,0
DA:267,0
DA:276,0
DA:281,0
LF:51
LH:20
BRDA:48,1,0,3
BRDA:48,1,1,1
BRDA:52,2,0,2
BRDA:52,2,1,1
BRDA:54,3,0,1
BRDA:54,3,1,1
BRDA:71,4,0,0
BRDA:71,4,1,0
BRDA:77,5,0,0
BRDA:77,5,1,0
BRDA:98,6,0,0
BRDA:98,6,1,0
BRDA:103,7,0,0
BRDA:103,7,1,0
BRDA:122,8,0,0
BRDA:122,8,1,0
BRDA:124,9,0,0
BRDA:124,9,1,0
BRDA:128,10,0,0
BRDA:128,10,1,0
BRDA:154,11,0,2
BRDA:154,11,1,1
BRDA:173,12,0,1
BRDA:173,12,1,1
BRDA:219,13,0,0
BRDA:219,13,1,0
BRDA:238,14,0,0
BRDA:238,14,1,0
BRF:28
BRH:10
end_of_record
